[debug] > Exec(early(addDefaultCommands), None, None)
[debug] > Exec(addDefaultCommands, None, None)
[debug] > Exec(early(initialize), None, None)
[debug] > Exec(initialize, None, None)
[debug] > Exec(early(addPluginSbtFile="""C:\Users\CESARE~1\AppData\Local\Temp\idea.sbt"""), None, None)
[debug] > Exec(addPluginSbtFile="""C:\Users\CESARE~1\AppData\Local\Temp\idea.sbt""", None, None)
[debug] > Exec(boot, None, None)
[debug] > Exec(writeSbtVersion, None, None)
[debug] > Exec(reload, None, None)
[debug] > Exec(sbtStashOnFailure, None, None)
[debug] > Exec(onFailure loadFailed, None, None)
[debug] > Exec(loadp, None, None)
[info] welcome to sbt 1.9.7 (Oracle Corporation Java 17.0.3.1)
[debug] Load.defaultLoad until apply took 864.0803ms
[debug]           Load.loadUnit: plugins took 338.3213ms
[debug]           Load.loadUnit: defsScala took 1.234701ms
[debug] [Loading] Scanning directory C:\Cesar\Proyectos\Algoritm_Initializing\project
[debug]             Load.loadUnit: mkEval took 20.4356ms
[debug] [Loading] Found non-root projects 
[debug] [Loading] Done in C:\Cesar\Proyectos\Algoritm_Initializing\project, returning: ()
[debug] deducing auto plugins based on known facts Set(Atom(sbt.plugins.CorePlugin)) and clauses Clauses(Clause(Atom(sbt.plugins.JvmPlugin),Set(Atom(sbt.plugins.IvyPlugin)))
[debug] Clause(Atom(sbt.ScriptedPlugin),Set(Atom(sbt.plugins.JvmPlugin)))
[debug] Clause(Atom(sbt.plugins.SbtPlugin),Set(Atom(sbt.ScriptedPlugin)))
[debug] Clause(Atom(sbt.plugins.SemanticdbPlugin),Set(Atom(sbt.plugins.JvmPlugin)))
[debug] Clause(Atom(sbt.plugins.JUnitXmlReportPlugin),Set(Atom(sbt.plugins.JvmPlugin)))
[debug] Clause(Atom(sbt.plugins.MiniDependencyTreePlugin),Set(Atom(sbt.plugins.JvmPlugin)))
[debug] Clause(Atom(sbt.plugins.CorePlugin),Set(Atom(sbt.plugins.IvyPlugin)))
[debug] Clause(Atom(sbt.plugins.IvyPlugin),Set(Atom(sbt.plugins.JvmPlugin)))
[debug] Clause(Atom(sbt.plugins.JvmPlugin),Set(Atom(sbt.plugins.SemanticdbPlugin)))
[debug] Clause(Atom(sbt.plugins.JvmPlugin),Set(Atom(sbt.plugins.JUnitXmlReportPlugin)))
[debug] Clause(Atom(sbt.plugins.CorePlugin),Set(Atom(sbt.plugins.Giter8TemplatePlugin)))
[debug] Clause(Atom(sbt.plugins.JvmPlugin),Set(Atom(sbt.plugins.MiniDependencyTreePlugin))))
[debug]   :: deduced result: Matched(sbt.plugins.CorePlugin,sbt.plugins.Giter8TemplatePlugin,sbt.plugins.IvyPlugin,sbt.plugins.JvmPlugin,sbt.plugins.MiniDependencyTreePlugin,sbt.plugins.JUnitXmlReportPlugin,sbt.plugins.SemanticdbPlugin)
[debug] Plugins.deducer#function took 43.3932 ms
[info] loading settings for project algoritm_initializing-build from idea.sbt ...
[debug]               Load.resolveProject(algoritm_initializing-build) took 115.319201ms
[debug]             Load.loadTransitive: finalizeProject(Project(id algoritm_initializing-build, base: C:\Cesar\Proyectos\Algoritm_Initializing\project, plugins: List(<none>))) took 181.104999ms
[debug] [Loading] Done in C:\Cesar\Proyectos\Algoritm_Initializing\project, returning: (algoritm_initializing-build)
[debug]           Load.loadUnit: loadedProjectsRaw took 7837.985901ms
[debug]           Load.loadUnit: cleanEvalClasses took 16.415899ms
[debug]         Load.loadUnit(file:/C:/Cesar/Proyectos/Algoritm_Initializing/project/, ...) took 8213.908ms
[debug]       Load.apply: load took 8532.416ms
[debug]       Load.apply: resolveProjects took 14.1833ms
[debug]       Load.apply: finalTransforms took 225.2638ms
[debug]       Load.apply: config.delegates took 22.8901ms
[debug]       Load.apply: Def.make(settings)... took 974.3669ms
[debug]       Load.apply: structureIndex took 235.5844ms
[debug]       Load.apply: mkStreams took 4.3724ms
[info] loading project definition from C:\Cesar\Proyectos\Algoritm_Initializing\project
[debug] Running task... Cancel: Signal, check cycles: false, forcegc: true
[debug]     Load.loadUnit: plugins took 14101.976401ms
[debug]     Load.loadUnit: defsScala took 0.004199ms
[debug] [Loading] Scanning directory C:\Cesar\Proyectos\Algoritm_Initializing
[debug]       Load.loadUnit: mkEval took 0.7283ms
[debug] [Loading] Found root project root w/ remaining 
[debug] deducing auto plugins based on known facts Set(Atom(sbt.plugins.CorePlugin)) and clauses Clauses(Clause(Atom(sbt.plugins.JvmPlugin),Set(Atom(sbt.plugins.IvyPlugin)))
[debug] Clause(Atom(sbt.ScriptedPlugin),Set(Atom(sbt.plugins.JvmPlugin)))
[debug] Clause(Atom(sbt.plugins.SbtPlugin),Set(Atom(sbt.ScriptedPlugin)))
[debug] Clause(Atom(sbt.plugins.SemanticdbPlugin),Set(Atom(sbt.plugins.JvmPlugin)))
[debug] Clause(Atom(sbt.plugins.JUnitXmlReportPlugin),Set(Atom(sbt.plugins.JvmPlugin)))
[debug] Clause(Atom(sbt.plugins.MiniDependencyTreePlugin),Set(Atom(sbt.plugins.JvmPlugin)))
[debug] Clause(Atom(org.jetbrains.sbt.StructurePlugin),Set(Atom(sbt.plugins.JvmPlugin)))
[debug] Clause(Atom(org.jetbrains.sbt.IdeaShellPlugin),Set(Atom(sbt.plugins.JvmPlugin)))
[debug] Clause(Atom(sbt.plugins.CorePlugin),Set(Atom(sbt.plugins.IvyPlugin)))
[debug] Clause(Atom(sbt.plugins.IvyPlugin),Set(Atom(sbt.plugins.JvmPlugin)))
[debug] Clause(Atom(sbt.plugins.JvmPlugin),Set(Atom(sbt.plugins.SemanticdbPlugin)))
[debug] Clause(Atom(sbt.plugins.JvmPlugin),Set(Atom(sbt.plugins.JUnitXmlReportPlugin)))
[debug] Clause(Atom(sbt.plugins.CorePlugin),Set(Atom(sbt.plugins.Giter8TemplatePlugin)))
[debug] Clause(Atom(sbt.plugins.JvmPlugin),Set(Atom(sbt.plugins.MiniDependencyTreePlugin)))
[debug] Clause(Atom(sbt.plugins.JvmPlugin),Set(Atom(org.jetbrains.sbt.StructurePlugin)))
[debug] Clause(Atom(sbt.plugins.JvmPlugin),Set(Atom(org.jetbrains.sbt.IdeaShellPlugin))))
[debug]   :: deduced result: Matched(sbt.plugins.CorePlugin,sbt.plugins.Giter8TemplatePlugin,sbt.plugins.IvyPlugin,sbt.plugins.JvmPlugin,sbt.plugins.SemanticdbPlugin,sbt.plugins.JUnitXmlReportPlugin,org.jetbrains.sbt.IdeaShellPlugin,org.jetbrains.sbt.StructurePlugin,sbt.plugins.MiniDependencyTreePlugin)
[debug] Plugins.deducer#function took 5.1412 ms
[info] loading settings for project root from build.sbt ...
[debug]         Load.resolveProject(root) took 77.2766ms
[debug]       Load.loadTransitive: finalizeProject(Project(id root, base: C:\Cesar\Proyectos\Algoritm_Initializing, plugins: List(<none>))) took 87.0064ms
[debug] [Loading] Done in C:\Cesar\Proyectos\Algoritm_Initializing, returning: (root)
[debug]     Load.loadUnit: loadedProjectsRaw took 3781.086799ms
[debug]     Load.loadUnit: cleanEvalClasses took 53.047101ms
[debug]   Load.loadUnit(file:/C:/Cesar/Proyectos/Algoritm_Initializing/, ...) took 17939.4367ms
[debug] Load.apply: load took 17994.337301ms
[debug] Load.apply: resolveProjects took 0.2429ms
[debug] Load.apply: finalTransforms took 62.5036ms
[debug] Load.apply: config.delegates took 0.715199ms
[debug] Load.apply: Def.make(settings)... took 233.020501ms
[debug] Load.apply: structureIndex took 51.2298ms
[debug] Load.apply: mkStreams took 0.004699ms
[info] set current project to Algoritm_Initializing (in build file:/C:/Cesar/Proyectos/Algoritm_Initializing/)
[debug] > Exec(sbtPopOnFailure, None, None)
[debug] > Exec(resumeFromFailure, None, None)
[debug] > Exec(notifyUsersAboutShell, None, None)
[debug] > Exec(iflast shell, None, None)
[debug] > Exec(idea-shell, None, None)
